[      14ms] [ERROR] Failed to load resource: net::ERR_CONNECTION_CLOSED @ https://galileotelemetry.tencent.com/collect:0
[      14ms] [ERROR] Failed to load resource: net::ERR_CONNECTION_CLOSED @ https://galileotelemetry.tencent.com/collect:0
[     396ms] [ERROR] Failed to load resource: net::ERR_CONNECTION_CLOSED @ https://otheve.beacon.qq.com/analytics/v2_upload?appkey=00300EMEH839B0XF:0
[     403ms] [ERROR] Failed to load resource: net::ERR_CONNECTION_CLOSED @ https://h.trace.qq.com/kv?attaid=00400014144&token=6478159937&product_id=00300EMEH839B0XF&platform=web&uin=bAfEJT71m9m61BJaZhWKYFm9naZRT2pe&model=&os=web&app_version=&sdk_version=4.5.31-web&error_stack=&_dc=0.8845033248318047&error_msg=Failed%20to%20fetch&error_code=600:0
[     445ms] [ERROR] Failed to load resource: net::ERR_CONNECTION_CLOSED @ https://galileotelemetry.tencent.com/aegiscontrol/whitelist?uid=cd8bab981fb6f5e73883439df8be49b0&topic=SDK-62c36261a5aaf49b42bf:0
[     483ms] [ERROR] Failed to load resource: net::ERR_CONNECTION_CLOSED @ https://otheve.beacon.qq.com/analytics/v2_upload?appkey=00300EMEH839B0XF:0
[     491ms] [ERROR] Failed to load resource: net::ERR_CONNECTION_CLOSED @ https://h.trace.qq.com/kv?attaid=00400014144&token=6478159937&product_id=00300EMEH839B0XF&platform=web&uin=bAfEJT71m9m61BJaZhWKYFm9naZRT2pe&model=&os=web&app_version=&sdk_version=4.5.31-web&error_stack=&_dc=0.36797275571137966&error_msg=Failed%20to%20fetch&error_code=600:0
[    1509ms] [ERROR] Failed to load resource: net::ERR_CONNECTION_CLOSED @ https://galileotelemetry.tencent.com/collect:0
[    7652ms] [ERROR] Failed to load resource: net::ERR_CONNECTION_CLOSED @ https://galileotelemetry.tencent.com/collect:0
[    7653ms] [ERROR] Failed to load resource: net::ERR_CONNECTION_CLOSED @ https://galileotelemetry.tencent.com/collect:0
[    8661ms] [ERROR] Failed to load resource: net::ERR_CONNECTION_CLOSED @ https://otheve.beacon.qq.com/analytics/v2_upload?appkey=00300EMEH839B0XF:0
[    8721ms] [ERROR] Failed to load resource: net::ERR_CONNECTION_CLOSED @ https://h.trace.qq.com/kv?attaid=00400014144&token=6478159937&product_id=00300EMEH839B0XF&platform=web&uin=bAfEJT71m9m61BJaZhWKYFm9naZRT2pe&model=&os=web&app_version=&sdk_version=4.5.31-web&error_stack=&_dc=0.6841290919717946&error_msg=Failed%20to%20fetch&error_code=600:0
[    8823ms] [ERROR] Failed to load resource: net::ERR_CONNECTION_CLOSED @ https://galileotelemetry.tencent.com/aegiscontrol/whitelist?uid=cd8bab981fb6f5e73883439df8be49b0&topic=SDK-62c36261a5aaf49b42bf:0
[    8835ms] [ERROR] Failed to load resource: net::ERR_CONNECTION_CLOSED @ https://otheve.beacon.qq.com/analytics/v2_upload?appkey=00300EMEH839B0XF:0
[    8840ms] [ERROR] Failed to load resource: net::ERR_CONNECTION_CLOSED @ https://h.trace.qq.com/kv?attaid=00400014144&token=6478159937&product_id=00300EMEH839B0XF&platform=web&uin=bAfEJT71m9m61BJaZhWKYFm9naZRT2pe&model=&os=web&app_version=&sdk_version=4.5.31-web&error_stack=&_dc=0.021559105988484095&error_msg=Failed%20to%20fetch&error_code=600:0
[    9862ms] [ERROR] Failed to load resource: net::ERR_CONNECTION_CLOSED @ https://galileotelemetry.tencent.com/collect:0
[   10090ms] [ERROR] Failed to load resource: net::ERR_CONNECTION_CLOSED @ https://www.googletagmanager.com/gtm.js?id=GTM-MDCQ2B2:0
[   12450ms] [ERROR] Failed to load resource: net::ERR_CONNECTION_CLOSED @ https://galileotelemetry.tencent.com/collect:0
[   27889ms] [ERROR] Failed to load resource: net::ERR_CONNECTION_CLOSED @ https://galileotelemetry.tencent.com/collect:0
[   27889ms] [ERROR] Failed to load resource: net::ERR_CONNECTION_CLOSED @ https://galileotelemetry.tencent.com/collect:0
[   28926ms] [ERROR] Failed to load resource: net::ERR_CONNECTION_CLOSED @ https://otheve.beacon.qq.com/analytics/v2_upload?appkey=00300EMEH839B0XF:0
[   28948ms] [ERROR] Failed to load resource: net::ERR_CONNECTION_CLOSED @ https://h.trace.qq.com/kv?attaid=00400014144&token=6478159937&product_id=00300EMEH839B0XF&platform=web&uin=bAfEJT71m9m61BJaZhWKYFm9naZRT2pe&model=&os=web&app_version=&sdk_version=4.5.31-web&error_stack=&_dc=0.9641021756861737&error_msg=Failed%20to%20fetch&error_code=600:0
[   28974ms] [ERROR] Failed to load resource: net::ERR_CONNECTION_CLOSED @ https://galileotelemetry.tencent.com/aegiscontrol/whitelist?uid=cd8bab981fb6f5e73883439df8be49b0&topic=SDK-62c36261a5aaf49b42bf:0
[   29014ms] [ERROR] Failed to load resource: net::ERR_CONNECTION_CLOSED @ https://otheve.beacon.qq.com/analytics/v2_upload?appkey=00300EMEH839B0XF:0
[   29020ms] [ERROR] Failed to load resource: net::ERR_CONNECTION_CLOSED @ https://h.trace.qq.com/kv?attaid=00400014144&token=6478159937&product_id=00300EMEH839B0XF&platform=web&uin=bAfEJT71m9m61BJaZhWKYFm9naZRT2pe&model=&os=web&app_version=&sdk_version=4.5.31-web&error_stack=&_dc=0.020901310845330312&error_msg=Failed%20to%20fetch&error_code=600:0
[   30052ms] [ERROR] Failed to load resource: net::ERR_CONNECTION_CLOSED @ https://galileotelemetry.tencent.com/collect:0
[   37959ms] [ERROR] Failed to load resource: net::ERR_CONNECTION_CLOSED @ https://www.googletagmanager.com/gtm.js?id=GTM-MDCQ2B2:0
[   41941ms] [ERROR] Failed to load resource: net::ERR_CONNECTION_CLOSED @ https://galileotelemetry.tencent.com/collect:0
[   43155ms] [ERROR] Failed to load resource: net::ERR_CONNECTION_CLOSED @ https://galileotelemetry.tencent.com/collect:0
[   43157ms] [ERROR] Failed to load resource: net::ERR_CONNECTION_CLOSED @ https://galileotelemetry.tencent.com/collect:0
[   43975ms] [ERROR] Failed to load resource: net::ERR_CONNECTION_CLOSED @ https://otheve.beacon.qq.com/analytics/v2_upload?appkey=00300EMEH839B0XF:0
[   43993ms] [ERROR] Failed to load resource: net::ERR_CONNECTION_CLOSED @ https://h.trace.qq.com/kv?attaid=00400014144&token=6478159937&product_id=00300EMEH839B0XF&platform=web&uin=bAfEJT71m9m61BJaZhWKYFm9naZRT2pe&model=&os=web&app_version=&sdk_version=4.5.31-web&error_stack=&_dc=0.8136364646933706&error_msg=Failed%20to%20fetch&error_code=600:0
[   44022ms] [ERROR] Failed to load resource: net::ERR_CONNECTION_CLOSED @ https://galileotelemetry.tencent.com/aegiscontrol/whitelist?uid=cd8bab981fb6f5e73883439df8be49b0&topic=SDK-62c36261a5aaf49b42bf:0
[   44057ms] [ERROR] Failed to load resource: net::ERR_CONNECTION_CLOSED @ https://otheve.beacon.qq.com/analytics/v2_upload?appkey=00300EMEH839B0XF:0
[   44065ms] [ERROR] Failed to load resource: net::ERR_CONNECTION_CLOSED @ https://h.trace.qq.com/kv?attaid=00400014144&token=6478159937&product_id=00300EMEH839B0XF&platform=web&uin=bAfEJT71m9m61BJaZhWKYFm9naZRT2pe&model=&os=web&app_version=&sdk_version=4.5.31-web&error_stack=&_dc=0.9010007035844176&error_msg=Failed%20to%20fetch&error_code=600:0
[   45074ms] [ERROR] Failed to load resource: net::ERR_CONNECTION_CLOSED @ https://galileotelemetry.tencent.com/collect:0
[   53229ms] [ERROR] Failed to load resource: net::ERR_CONNECTION_CLOSED @ https://www.googletagmanager.com/gtm.js?id=GTM-MDCQ2B2:0
[   56966ms] [ERROR] Failed to load resource: net::ERR_CONNECTION_CLOSED @ https://galileotelemetry.tencent.com/collect:0
[   74147ms] [ERROR] Failed to load resource: net::ERR_CONNECTION_CLOSED @ https://galileotelemetry.tencent.com/collect:0
[   74148ms] [ERROR] Failed to load resource: net::ERR_CONNECTION_CLOSED @ https://galileotelemetry.tencent.com/collect:0
[   74583ms] [ERROR] Failed to load resource: net::ERR_CONNECTION_CLOSED @ https://otheve.beacon.qq.com/analytics/v2_upload?appkey=00300EMEH839B0XF:0
[   74604ms] [ERROR] Failed to load resource: net::ERR_CONNECTION_CLOSED @ https://h.trace.qq.com/kv?attaid=00400014144&token=6478159937&product_id=00300EMEH839B0XF&platform=web&uin=bAfEJT71m9m61BJaZhWKYFm9naZRT2pe&model=&os=web&app_version=&sdk_version=4.5.31-web&error_stack=&_dc=0.4669473562485501&error_msg=Failed%20to%20fetch&error_code=600:0
[   74627ms] [ERROR] Failed to load resource: net::ERR_CONNECTION_CLOSED @ https://galileotelemetry.tencent.com/aegiscontrol/whitelist?uid=cd8bab981fb6f5e73883439df8be49b0&topic=SDK-62c36261a5aaf49b42bf:0
[   74690ms] [ERROR] Failed to load resource: net::ERR_CONNECTION_CLOSED @ https://otheve.beacon.qq.com/analytics/v2_upload?appkey=00300EMEH839B0XF:0
[   74698ms] [ERROR] Failed to load resource: net::ERR_CONNECTION_CLOSED @ https://h.trace.qq.com/kv?attaid=00400014144&token=6478159937&product_id=00300EMEH839B0XF&platform=web&uin=bAfEJT71m9m61BJaZhWKYFm9naZRT2pe&model=&os=web&app_version=&sdk_version=4.5.31-web&error_stack=&_dc=0.7586679864267184&error_msg=Failed%20to%20fetch&error_code=600:0
[   75758ms] [ERROR] Failed to load resource: net::ERR_CONNECTION_CLOSED @ https://galileotelemetry.tencent.com/collect:0
[   84229ms] [ERROR] Failed to load resource: net::ERR_CONNECTION_CLOSED @ https://www.googletagmanager.com/gtm.js?id=GTM-MDCQ2B2:0
[   87545ms] [ERROR] Failed to load resource: net::ERR_CONNECTION_CLOSED @ https://galileotelemetry.tencent.com/collect:0
[  102697ms] [ERROR] Failed to load resource: net::ERR_CONNECTION_CLOSED @ https://galileotelemetry.tencent.com/collect:0
[  102698ms] [ERROR] Failed to load resource: net::ERR_CONNECTION_CLOSED @ https://galileotelemetry.tencent.com/collect:0
[  103169ms] [ERROR] Failed to load resource: net::ERR_CONNECTION_CLOSED @ https://otheve.beacon.qq.com/analytics/v2_upload?appkey=00300EMEH839B0XF:0
[  103179ms] [ERROR] Failed to load resource: net::ERR_CONNECTION_CLOSED @ https://h.trace.qq.com/kv?attaid=00400014144&token=6478159937&product_id=00300EMEH839B0XF&platform=web&uin=bAfEJT71m9m61BJaZhWKYFm9naZRT2pe&model=&os=web&app_version=&sdk_version=4.5.31-web&error_stack=&_dc=0.7060413549444786&error_msg=Failed%20to%20fetch&error_code=600:0
[  103219ms] [ERROR] Failed to load resource: net::ERR_CONNECTION_CLOSED @ https://galileotelemetry.tencent.com/aegiscontrol/whitelist?uid=cd8bab981fb6f5e73883439df8be49b0&topic=SDK-62c36261a5aaf49b42bf:0
[  103262ms] [ERROR] Failed to load resource: net::ERR_CONNECTION_CLOSED @ https://otheve.beacon.qq.com/analytics/v2_upload?appkey=00300EMEH839B0XF:0
[  103273ms] [ERROR] Failed to load resource: net::ERR_CONNECTION_CLOSED @ https://h.trace.qq.com/kv?attaid=00400014144&token=6478159937&product_id=00300EMEH839B0XF&platform=web&uin=bAfEJT71m9m61BJaZhWKYFm9naZRT2pe&model=&os=web&app_version=&sdk_version=4.5.31-web&error_stack=&_dc=0.770220431018618&error_msg=Failed%20to%20fetch&error_code=600:0
[  104392ms] [ERROR] Failed to load resource: net::ERR_CONNECTION_CLOSED @ https://galileotelemetry.tencent.com/collect:0
[  112775ms] [ERROR] Failed to load resource: net::ERR_CONNECTION_CLOSED @ https://www.googletagmanager.com/gtm.js?id=GTM-MDCQ2B2:0
[  116169ms] [ERROR] Failed to load resource: net::ERR_CONNECTION_CLOSED @ https://galileotelemetry.tencent.com/collect:0
[  130907ms] [ERROR] Failed to load resource: net::ERR_CONNECTION_CLOSED @ https://galileotelemetry.tencent.com/collect:0
[  130907ms] [ERROR] Failed to load resource: net::ERR_CONNECTION_CLOSED @ https://galileotelemetry.tencent.com/collect:0
[  131260ms] [ERROR] Failed to load resource: net::ERR_CONNECTION_CLOSED @ https://otheve.beacon.qq.com/analytics/v2_upload?appkey=00300EMEH839B0XF:0
[  131272ms] [ERROR] Failed to load resource: net::ERR_CONNECTION_CLOSED @ https://h.trace.qq.com/kv?attaid=00400014144&token=6478159937&product_id=00300EMEH839B0XF&platform=web&uin=bAfEJT71m9m61BJaZhWKYFm9naZRT2pe&model=&os=web&app_version=&sdk_version=4.5.31-web&error_stack=&_dc=0.7258324779715528&error_msg=Failed%20to%20fetch&error_code=600:0
[  131296ms] [ERROR] Failed to load resource: net::ERR_CONNECTION_CLOSED @ https://galileotelemetry.tencent.com/aegiscontrol/whitelist?uid=cd8bab981fb6f5e73883439df8be49b0&topic=SDK-62c36261a5aaf49b42bf:0
[  131318ms] [ERROR] Failed to load resource: net::ERR_CONNECTION_CLOSED @ https://otheve.beacon.qq.com/analytics/v2_upload?appkey=00300EMEH839B0XF:0
[  131324ms] [ERROR] Failed to load resource: net::ERR_CONNECTION_CLOSED @ https://h.trace.qq.com/kv?attaid=00400014144&token=6478159937&product_id=00300EMEH839B0XF&platform=web&uin=bAfEJT71m9m61BJaZhWKYFm9naZRT2pe&model=&os=web&app_version=&sdk_version=4.5.31-web&error_stack=&_dc=0.9518915518558188&error_msg=Failed%20to%20fetch&error_code=600:0
[  132351ms] [ERROR] Failed to load resource: net::ERR_CONNECTION_CLOSED @ https://galileotelemetry.tencent.com/collect:0
[  140978ms] [ERROR] Failed to load resource: net::ERR_CONNECTION_CLOSED @ https://www.googletagmanager.com/gtm.js?id=GTM-MDCQ2B2:0
[  144246ms] [ERROR] Failed to load resource: net::ERR_CONNECTION_CLOSED @ https://galileotelemetry.tencent.com/collect:0
[  160426ms] [ERROR] Failed to load resource: net::ERR_CONNECTION_CLOSED @ https://galileotelemetry.tencent.com/collect:0
[  160428ms] [ERROR] Failed to load resource: net::ERR_CONNECTION_CLOSED @ https://galileotelemetry.tencent.com/collect:0
[  160800ms] [ERROR] Failed to load resource: net::ERR_CONNECTION_CLOSED @ https://otheve.beacon.qq.com/analytics/v2_upload?appkey=00300EMEH839B0XF:0
[  160818ms] [ERROR] Failed to load resource: net::ERR_CONNECTION_CLOSED @ https://h.trace.qq.com/kv?attaid=00400014144&token=6478159937&product_id=00300EMEH839B0XF&platform=web&uin=bAfEJT71m9m61BJaZhWKYFm9naZRT2pe&model=&os=web&app_version=&sdk_version=4.5.31-web&error_stack=&_dc=0.537640896701292&error_msg=Failed%20to%20fetch&error_code=600:0
[  160825ms] [ERROR] Failed to load resource: net::ERR_CONNECTION_CLOSED @ https://galileotelemetry.tencent.com/aegiscontrol/whitelist?uid=cd8bab981fb6f5e73883439df8be49b0&topic=SDK-62c36261a5aaf49b42bf:0
[  160867ms] [ERROR] Failed to load resource: net::ERR_CONNECTION_CLOSED @ https://otheve.beacon.qq.com/analytics/v2_upload?appkey=00300EMEH839B0XF:0
[  160874ms] [ERROR] Failed to load resource: net::ERR_CONNECTION_CLOSED @ https://h.trace.qq.com/kv?attaid=00400014144&token=6478159937&product_id=00300EMEH839B0XF&platform=web&uin=bAfEJT71m9m61BJaZhWKYFm9naZRT2pe&model=&os=web&app_version=&sdk_version=4.5.31-web&error_stack=&_dc=0.5860984178118621&error_msg=Failed%20to%20fetch&error_code=600:0
[  161888ms] [ERROR] Failed to load resource: net::ERR_CONNECTION_CLOSED @ https://galileotelemetry.tencent.com/collect:0
[  170497ms] [ERROR] Failed to load resource: net::ERR_CONNECTION_CLOSED @ https://www.googletagmanager.com/gtm.js?id=GTM-MDCQ2B2:0
[  173759ms] [ERROR] Failed to load resource: net::ERR_CONNECTION_CLOSED @ https://galileotelemetry.tencent.com/collect:0
[  188204ms] [ERROR] Failed to load resource: net::ERR_CONNECTION_CLOSED @ https://galileotelemetry.tencent.com/collect:0
[  188205ms] [ERROR] Failed to load resource: net::ERR_CONNECTION_CLOSED @ https://galileotelemetry.tencent.com/collect:0
[  188576ms] [ERROR] Failed to load resource: net::ERR_CONNECTION_CLOSED @ https://otheve.beacon.qq.com/analytics/v2_upload?appkey=00300EMEH839B0XF:0
[  188587ms] [ERROR] Failed to load resource: net::ERR_CONNECTION_CLOSED @ https://h.trace.qq.com/kv?attaid=00400014144&token=6478159937&product_id=00300EMEH839B0XF&platform=web&uin=bAfEJT71m9m61BJaZhWKYFm9naZRT2pe&model=&os=web&app_version=&sdk_version=4.5.31-web&error_stack=&_dc=0.0034997857633694007&error_msg=Failed%20to%20fetch&error_code=600:0
[  188644ms] [ERROR] Failed to load resource: net::ERR_CONNECTION_CLOSED @ https://galileotelemetry.tencent.com/aegiscontrol/whitelist?uid=cd8bab981fb6f5e73883439df8be49b0&topic=SDK-62c36261a5aaf49b42bf:0
[  188672ms] [ERROR] Failed to load resource: net::ERR_CONNECTION_CLOSED @ https://otheve.beacon.qq.com/analytics/v2_upload?appkey=00300EMEH839B0XF:0
[  188677ms] [ERROR] Failed to load resource: net::ERR_CONNECTION_CLOSED @ https://h.trace.qq.com/kv?attaid=00400014144&token=6478159937&product_id=00300EMEH839B0XF&platform=web&uin=bAfEJT71m9m61BJaZhWKYFm9naZRT2pe&model=&os=web&app_version=&sdk_version=4.5.31-web&error_stack=&_dc=0.18992146771602658&error_msg=Failed%20to%20fetch&error_code=600:0
[  189702ms] [ERROR] Failed to load resource: net::ERR_CONNECTION_CLOSED @ https://galileotelemetry.tencent.com/collect:0
[  198263ms] [ERROR] Failed to load resource: net::ERR_CONNECTION_CLOSED @ https://www.googletagmanager.com/gtm.js?id=GTM-MDCQ2B2:0
[  201624ms] [ERROR] Failed to load resource: net::ERR_CONNECTION_CLOSED @ https://galileotelemetry.tencent.com/collect:0
