[      30ms] [ERROR] Failed to load resource: net::ERR_CONNECTION_CLOSED @ https://galileotelemetry.tencent.com/collect:0
[      33ms] [ERROR] Failed to load resource: net::ERR_CONNECTION_CLOSED @ https://galileotelemetry.tencent.com/collect:0
[     231ms] [ERROR] Failed to load resource: net::ERR_CONNECTION_CLOSED @ https://otheve.beacon.qq.com/analytics/v2_upload?appkey=00300EMEH839B0XF:0
[     238ms] [ERROR] Failed to load resource: net::ERR_CONNECTION_CLOSED @ https://beacon.cdn.qq.com/sdk/4.5.9/beacon_web.min.js:0
[     260ms] [ERROR] Failed to load resource: net::ERR_CONNECTION_CLOSED @ https://h.trace.qq.com/kv?attaid=00400014144&token=6478159937&product_id=00300EMEH839B0XF&platform=web&uin=bAfEJT71m9m61BJaZhWKYFm9naZRT2pe&model=&os=web&app_version=&sdk_version=4.5.31-web&error_stack=&_dc=0.1371946284790655&error_msg=Failed%20to%20fetch&error_code=600:0
[     263ms] [ERROR] Failed to load resource: net::ERR_CONNECTION_CLOSED @ https://beacon.cdn.qq.com/sdk/4.5.9/beacon_web.min.js:0
[     269ms] undefined
[     270ms] [ERROR] Failed to load resource: net::ERR_CONNECTION_CLOSED @ https://galileotelemetry.tencent.com/aegiscontrol/whitelist?uid=cd8bab981fb6f5e73883439df8be49b0&topic=SDK-62c36261a5aaf49b42bf:0
[     362ms] Uncaught (in promise) undefined
    at n (https://static.res.qq.com/qbtool/js/pchome.1b724347.js:39:31874)
    at u (https://static.res.qq.com/qbtool/js/pchome.1b724347.js:39:32086)
[     369ms] [ERROR] Failed to load resource: net::ERR_CONNECTION_CLOSED @ https://otheve.beacon.qq.com/analytics/v2_upload?appkey=00300EMEH839B0XF:0
[     372ms] [ERROR] Failed to load resource: net::ERR_CONNECTION_CLOSED @ https://otheve.beacon.qq.com/analytics/v2_upload?appkey=00300EMEH839B0XF:0
[     390ms] [ERROR] Failed to load resource: net::ERR_CONNECTION_CLOSED @ https://h.trace.qq.com/kv?attaid=00400014144&token=6478159937&product_id=00300EMEH839B0XF&platform=web&uin=bAfEJT71m9m61BJaZhWKYFm9naZRT2pe&model=&os=web&app_version=&sdk_version=4.5.31-web&error_stack=&_dc=0.3720426240169119&error_msg=Failed%20to%20fetch&error_code=600:0
[     391ms] [ERROR] Failed to load resource: net::ERR_CONNECTION_CLOSED @ https://h.trace.qq.com/kv?attaid=00400014144&token=6478159937&product_id=00300EMEH839B0XF&platform=web&uin=bAfEJT71m9m61BJaZhWKYFm9naZRT2pe&model=&os=web&app_version=&sdk_version=4.5.31-web&error_stack=&_dc=0.9909851698669508&error_msg=Failed%20to%20fetch&error_code=600:0
[    1419ms] [ERROR] Failed to load resource: net::ERR_CONNECTION_CLOSED @ https://galileotelemetry.tencent.com/collect:0
[   10113ms] [ERROR] Failed to load resource: net::ERR_CONNECTION_CLOSED @ https://www.googletagmanager.com/gtm.js?id=GTM-MDCQ2B2:0
[   13214ms] [ERROR] Failed to load resource: net::ERR_CONNECTION_CLOSED @ https://galileotelemetry.tencent.com/collect:0
[   16685ms] [ERROR] Failed to load resource: net::ERR_CONNECTION_CLOSED @ https://galileotelemetry.tencent.com/collect:0
[   16688ms] [ERROR] Failed to load resource: net::ERR_CONNECTION_CLOSED @ https://galileotelemetry.tencent.com/collect:0
[   16839ms] [ERROR] Failed to load resource: net::ERR_CONNECTION_CLOSED @ https://otheve.beacon.qq.com/analytics/v2_upload?appkey=00300EMEH839B0XF:0
[   16855ms] [ERROR] Failed to load resource: net::ERR_CONNECTION_CLOSED @ https://h.trace.qq.com/kv?attaid=00400014144&token=6478159937&product_id=00300EMEH839B0XF&platform=web&uin=bAfEJT71m9m61BJaZhWKYFm9naZRT2pe&model=&os=web&app_version=&sdk_version=4.5.31-web&error_stack=&_dc=0.852357802857432&error_msg=Failed%20to%20fetch&error_code=600:0
[   16888ms] [ERROR] Failed to load resource: net::ERR_CONNECTION_CLOSED @ https://galileotelemetry.tencent.com/aegiscontrol/whitelist?uid=cd8bab981fb6f5e73883439df8be49b0&topic=SDK-62c36261a5aaf49b42bf:0
[   16939ms] [ERROR] Failed to load resource: net::ERR_CONNECTION_CLOSED @ https://otheve.beacon.qq.com/analytics/v2_upload?appkey=00300EMEH839B0XF:0
[   16951ms] [ERROR] Failed to load resource: net::ERR_CONNECTION_CLOSED @ https://h.trace.qq.com/kv?attaid=00400014144&token=6478159937&product_id=00300EMEH839B0XF&platform=web&uin=bAfEJT71m9m61BJaZhWKYFm9naZRT2pe&model=&os=web&app_version=&sdk_version=4.5.31-web&error_stack=&_dc=0.44848709365222716&error_msg=Failed%20to%20fetch&error_code=600:0
[   17960ms] [ERROR] Failed to load resource: net::ERR_CONNECTION_CLOSED @ https://galileotelemetry.tencent.com/collect:0
[   26759ms] [ERROR] Failed to load resource: net::ERR_CONNECTION_CLOSED @ https://www.googletagmanager.com/gtm.js?id=GTM-MDCQ2B2:0
[   29292ms] [ERROR] Failed to load resource: net::ERR_CONNECTION_CLOSED @ https://galileotelemetry.tencent.com/collect:0
[   29293ms] [ERROR] Failed to load resource: net::ERR_CONNECTION_CLOSED @ https://galileotelemetry.tencent.com/collect:0
[   29499ms] [ERROR] Failed to load resource: net::ERR_CONNECTION_CLOSED @ https://otheve.beacon.qq.com/analytics/v2_upload?appkey=00300EMEH839B0XF:0
[   29516ms] [ERROR] Failed to load resource: net::ERR_CONNECTION_CLOSED @ https://h.trace.qq.com/kv?attaid=00400014144&token=6478159937&product_id=00300EMEH839B0XF&platform=web&uin=bAfEJT71m9m61BJaZhWKYFm9naZRT2pe&model=&os=web&app_version=&sdk_version=4.5.31-web&error_stack=&_dc=0.7270866257315299&error_msg=Failed%20to%20fetch&error_code=600:0
[   29531ms] [ERROR] Failed to load resource: net::ERR_CONNECTION_CLOSED @ https://galileotelemetry.tencent.com/aegiscontrol/whitelist?uid=cd8bab981fb6f5e73883439df8be49b0&topic=SDK-62c36261a5aaf49b42bf:0
[   29585ms] [ERROR] Failed to load resource: net::ERR_CONNECTION_CLOSED @ https://otheve.beacon.qq.com/analytics/v2_upload?appkey=00300EMEH839B0XF:0
[   29596ms] [ERROR] Failed to load resource: net::ERR_CONNECTION_CLOSED @ https://h.trace.qq.com/kv?attaid=00400014144&token=6478159937&product_id=00300EMEH839B0XF&platform=web&uin=bAfEJT71m9m61BJaZhWKYFm9naZRT2pe&model=&os=web&app_version=&sdk_version=4.5.31-web&error_stack=&_dc=0.3680616757964551&error_msg=Failed%20to%20fetch&error_code=600:0
[   30600ms] [ERROR] Failed to load resource: net::ERR_CONNECTION_CLOSED @ https://galileotelemetry.tencent.com/collect:0
[   39396ms] [ERROR] Failed to load resource: net::ERR_CONNECTION_CLOSED @ https://www.googletagmanager.com/gtm.js?id=GTM-MDCQ2B2:0
[   41937ms] [ERROR] Failed to load resource: net::ERR_CONNECTION_CLOSED @ https://galileotelemetry.tencent.com/collect:0
[   41937ms] [ERROR] Failed to load resource: net::ERR_CONNECTION_CLOSED @ https://galileotelemetry.tencent.com/collect:0
[   42085ms] [ERROR] Failed to load resource: net::ERR_CONNECTION_CLOSED @ https://otheve.beacon.qq.com/analytics/v2_upload?appkey=00300EMEH839B0XF:0
[   42092ms] [ERROR] Failed to load resource: net::ERR_CONNECTION_CLOSED @ https://h.trace.qq.com/kv?attaid=00400014144&token=6478159937&product_id=00300EMEH839B0XF&platform=web&uin=bAfEJT71m9m61BJaZhWKYFm9naZRT2pe&model=&os=web&app_version=&sdk_version=4.5.31-web&error_stack=&_dc=0.8995959633521501&error_msg=Failed%20to%20fetch&error_code=600:0
[   42131ms] [ERROR] Failed to load resource: net::ERR_CONNECTION_CLOSED @ https://galileotelemetry.tencent.com/aegiscontrol/whitelist?uid=cd8bab981fb6f5e73883439df8be49b0&topic=SDK-62c36261a5aaf49b42bf:0
[   42169ms] [ERROR] Failed to load resource: net::ERR_CONNECTION_CLOSED @ https://otheve.beacon.qq.com/analytics/v2_upload?appkey=00300EMEH839B0XF:0
[   42177ms] [ERROR] Failed to load resource: net::ERR_CONNECTION_CLOSED @ https://h.trace.qq.com/kv?attaid=00400014144&token=6478159937&product_id=00300EMEH839B0XF&platform=web&uin=bAfEJT71m9m61BJaZhWKYFm9naZRT2pe&model=&os=web&app_version=&sdk_version=4.5.31-web&error_stack=&_dc=0.7327058008543657&error_msg=Failed%20to%20fetch&error_code=600:0
[   43218ms] [ERROR] Failed to load resource: net::ERR_CONNECTION_CLOSED @ https://galileotelemetry.tencent.com/collect:0
[   52034ms] [ERROR] Failed to load resource: net::ERR_CONNECTION_CLOSED @ https://www.googletagmanager.com/gtm.js?id=GTM-MDCQ2B2:0
[   54568ms] [ERROR] Failed to load resource: net::ERR_CONNECTION_CLOSED @ https://galileotelemetry.tencent.com/collect:0
[   54568ms] [ERROR] Failed to load resource: net::ERR_CONNECTION_CLOSED @ https://galileotelemetry.tencent.com/collect:0
[   54699ms] [ERROR] Failed to load resource: net::ERR_CONNECTION_CLOSED @ https://otheve.beacon.qq.com/analytics/v2_upload?appkey=00300EMEH839B0XF:0
[   54704ms] [ERROR] Failed to load resource: net::ERR_CONNECTION_CLOSED @ https://h.trace.qq.com/kv?attaid=00400014144&token=6478159937&product_id=00300EMEH839B0XF&platform=web&uin=bAfEJT71m9m61BJaZhWKYFm9naZRT2pe&model=&os=web&app_version=&sdk_version=4.5.31-web&error_stack=&_dc=0.6359337986215026&error_msg=Failed%20to%20fetch&error_code=600:0
[   54760ms] [ERROR] Failed to load resource: net::ERR_CONNECTION_CLOSED @ https://galileotelemetry.tencent.com/aegiscontrol/whitelist?uid=cd8bab981fb6f5e73883439df8be49b0&topic=SDK-62c36261a5aaf49b42bf:0
[   54796ms] [ERROR] Failed to load resource: net::ERR_CONNECTION_CLOSED @ https://otheve.beacon.qq.com/analytics/v2_upload?appkey=00300EMEH839B0XF:0
[   54805ms] [ERROR] Failed to load resource: net::ERR_CONNECTION_CLOSED @ https://h.trace.qq.com/kv?attaid=00400014144&token=6478159937&product_id=00300EMEH839B0XF&platform=web&uin=bAfEJT71m9m61BJaZhWKYFm9naZRT2pe&model=&os=web&app_version=&sdk_version=4.5.31-web&error_stack=&_dc=0.3884759687898104&error_msg=Failed%20to%20fetch&error_code=600:0
[   55822ms] [ERROR] Failed to load resource: net::ERR_CONNECTION_CLOSED @ https://galileotelemetry.tencent.com/collect:0
[   64674ms] [ERROR] Failed to load resource: net::ERR_CONNECTION_CLOSED @ https://www.googletagmanager.com/gtm.js?id=GTM-MDCQ2B2:0
[   67213ms] [ERROR] Failed to load resource: net::ERR_CONNECTION_CLOSED @ https://galileotelemetry.tencent.com/collect:0
[   67215ms] [ERROR] Failed to load resource: net::ERR_CONNECTION_CLOSED @ https://galileotelemetry.tencent.com/collect:0
[   67348ms] [ERROR] Failed to load resource: net::ERR_CONNECTION_CLOSED @ https://beacon.cdn.qq.com/sdk/4.5.9/beacon_web.min.js:0
[   67353ms] [ERROR] Failed to load resource: net::ERR_CONNECTION_CLOSED @ https://otheve.beacon.qq.com/analytics/v2_upload?appkey=00300EMEH839B0XF:0
[   67369ms] [ERROR] Failed to load resource: net::ERR_CONNECTION_CLOSED @ https://beacon.cdn.qq.com/sdk/4.5.9/beacon_web.min.js:0
[   67398ms] undefined
[   67371ms] [ERROR] Failed to load resource: net::ERR_CONNECTION_CLOSED @ https://h.trace.qq.com/kv?attaid=00400014144&token=6478159937&product_id=00300EMEH839B0XF&platform=web&uin=bAfEJT71m9m61BJaZhWKYFm9naZRT2pe&model=&os=web&app_version=&sdk_version=4.5.31-web&error_stack=&_dc=0.0654798913686635&error_msg=Failed%20to%20fetch&error_code=600:0
[   67414ms] [ERROR] Failed to load resource: net::ERR_CONNECTION_CLOSED @ https://galileotelemetry.tencent.com/aegiscontrol/whitelist?uid=cd8bab981fb6f5e73883439df8be49b0&topic=SDK-62c36261a5aaf49b42bf:0
[   67454ms] Uncaught (in promise) undefined
    at n (https://static.res.qq.com/qbtool/js/pchome.1b724347.js:39:31874)
    at u (https://static.res.qq.com/qbtool/js/pchome.1b724347.js:39:32086)
[   67459ms] [ERROR] Failed to load resource: net::ERR_CONNECTION_CLOSED @ https://otheve.beacon.qq.com/analytics/v2_upload?appkey=00300EMEH839B0XF:0
[   67468ms] [ERROR] Failed to load resource: net::ERR_CONNECTION_CLOSED @ https://h.trace.qq.com/kv?attaid=00400014144&token=6478159937&product_id=00300EMEH839B0XF&platform=web&uin=bAfEJT71m9m61BJaZhWKYFm9naZRT2pe&model=&os=web&app_version=&sdk_version=4.5.31-web&error_stack=&_dc=0.8813283661856711&error_msg=Failed%20to%20fetch&error_code=600:0
[   68493ms] [ERROR] Failed to load resource: net::ERR_CONNECTION_CLOSED @ https://galileotelemetry.tencent.com/collect:0
[   77286ms] [ERROR] Failed to load resource: net::ERR_CONNECTION_CLOSED @ https://www.googletagmanager.com/gtm.js?id=GTM-MDCQ2B2:0
[   79828ms] [ERROR] Failed to load resource: net::ERR_CONNECTION_CLOSED @ https://galileotelemetry.tencent.com/collect:0
[   79828ms] [ERROR] Failed to load resource: net::ERR_CONNECTION_CLOSED @ https://galileotelemetry.tencent.com/collect:0
[   79971ms] [ERROR] Failed to load resource: net::ERR_CONNECTION_CLOSED @ https://otheve.beacon.qq.com/analytics/v2_upload?appkey=00300EMEH839B0XF:0
[   79984ms] [ERROR] Failed to load resource: net::ERR_CONNECTION_CLOSED @ https://h.trace.qq.com/kv?attaid=00400014144&token=6478159937&product_id=00300EMEH839B0XF&platform=web&uin=bAfEJT71m9m61BJaZhWKYFm9naZRT2pe&model=&os=web&app_version=&sdk_version=4.5.31-web&error_stack=&_dc=0.12034546824941839&error_msg=Failed%20to%20fetch&error_code=600:0
[   80027ms] [ERROR] Failed to load resource: net::ERR_CONNECTION_CLOSED @ https://galileotelemetry.tencent.com/aegiscontrol/whitelist?uid=cd8bab981fb6f5e73883439df8be49b0&topic=SDK-62c36261a5aaf49b42bf:0
[   80041ms] [ERROR] Failed to load resource: net::ERR_CONNECTION_CLOSED @ https://otheve.beacon.qq.com/analytics/v2_upload?appkey=00300EMEH839B0XF:0
[   80048ms] [ERROR] Failed to load resource: net::ERR_CONNECTION_CLOSED @ https://h.trace.qq.com/kv?attaid=00400014144&token=6478159937&product_id=00300EMEH839B0XF&platform=web&uin=bAfEJT71m9m61BJaZhWKYFm9naZRT2pe&model=&os=web&app_version=&sdk_version=4.5.31-web&error_stack=&_dc=0.9043046925632972&error_msg=Failed%20to%20fetch&error_code=600:0
[   81063ms] [ERROR] Failed to load resource: net::ERR_CONNECTION_CLOSED @ https://galileotelemetry.tencent.com/collect:0
[   89920ms] [ERROR] Failed to load resource: net::ERR_CONNECTION_CLOSED @ https://www.googletagmanager.com/gtm.js?id=GTM-MDCQ2B2:0
[   92462ms] [ERROR] Failed to load resource: net::ERR_CONNECTION_CLOSED @ https://galileotelemetry.tencent.com/collect:0
[   92465ms] [ERROR] Failed to load resource: net::ERR_CONNECTION_CLOSED @ https://galileotelemetry.tencent.com/collect:0
[   92599ms] [ERROR] Failed to load resource: net::ERR_CONNECTION_CLOSED @ https://otheve.beacon.qq.com/analytics/v2_upload?appkey=00300EMEH839B0XF:0
[   92613ms] [ERROR] Failed to load resource: net::ERR_CONNECTION_CLOSED @ https://h.trace.qq.com/kv?attaid=00400014144&token=6478159937&product_id=00300EMEH839B0XF&platform=web&uin=bAfEJT71m9m61BJaZhWKYFm9naZRT2pe&model=&os=web&app_version=&sdk_version=4.5.31-web&error_stack=&_dc=0.06299628507257449&error_msg=Failed%20to%20fetch&error_code=600:0
[   92641ms] [ERROR] Failed to load resource: net::ERR_CONNECTION_CLOSED @ https://galileotelemetry.tencent.com/aegiscontrol/whitelist?uid=cd8bab981fb6f5e73883439df8be49b0&topic=SDK-62c36261a5aaf49b42bf:0
[   92680ms] [ERROR] Failed to load resource: net::ERR_CONNECTION_CLOSED @ https://otheve.beacon.qq.com/analytics/v2_upload?appkey=00300EMEH839B0XF:0
[   92695ms] [ERROR] Failed to load resource: net::ERR_CONNECTION_CLOSED @ https://h.trace.qq.com/kv?attaid=00400014144&token=6478159937&product_id=00300EMEH839B0XF&platform=web&uin=bAfEJT71m9m61BJaZhWKYFm9naZRT2pe&model=&os=web&app_version=&sdk_version=4.5.31-web&error_stack=&_dc=0.41493136774895256&error_msg=Failed%20to%20fetch&error_code=600:0
[   93699ms] [ERROR] Failed to load resource: net::ERR_CONNECTION_CLOSED @ https://galileotelemetry.tencent.com/collect:0
[  102530ms] [ERROR] Failed to load resource: net::ERR_CONNECTION_CLOSED @ https://www.googletagmanager.com/gtm.js?id=GTM-MDCQ2B2:0
[  105073ms] [ERROR] Failed to load resource: net::ERR_CONNECTION_CLOSED @ https://galileotelemetry.tencent.com/collect:0
[  105073ms] [ERROR] Failed to load resource: net::ERR_CONNECTION_CLOSED @ https://galileotelemetry.tencent.com/collect:0
[  105670ms] [ERROR] Failed to load resource: net::ERR_CONNECTION_CLOSED @ https://otheve.beacon.qq.com/analytics/v2_upload?appkey=00300EMEH839B0XF:0
[  105692ms] [ERROR] Failed to load resource: net::ERR_CONNECTION_CLOSED @ https://beacon.cdn.qq.com/sdk/4.5.9/beacon_web.min.js:0
[  105712ms] [ERROR] Failed to load resource: net::ERR_CONNECTION_CLOSED @ https://galileotelemetry.tencent.com/aegiscontrol/whitelist?uid=cd8bab981fb6f5e73883439df8be49b0&topic=SDK-62c36261a5aaf49b42bf:0
[  105717ms] [ERROR] Failed to load resource: net::ERR_CONNECTION_CLOSED @ https://h.trace.qq.com/kv?attaid=00400014144&token=6478159937&product_id=00300EMEH839B0XF&platform=web&uin=bAfEJT71m9m61BJaZhWKYFm9naZRT2pe&model=&os=web&app_version=&sdk_version=4.5.31-web&error_stack=&_dc=0.859694096419055&error_msg=Failed%20to%20fetch&error_code=600:0
[  105718ms] [ERROR] Failed to load resource: net::ERR_CONNECTION_CLOSED @ https://beacon.cdn.qq.com/sdk/4.5.9/beacon_web.min.js:0
[  105815ms] undefined
[  105818ms] Uncaught (in promise) undefined
    at n (https://static.res.qq.com/qbtool/js/pcplugin.f9942a15.js:39:28868)
    at u (https://static.res.qq.com/qbtool/js/pcplugin.f9942a15.js:39:29080)
[  105787ms] [ERROR] Failed to load resource: net::ERR_CONNECTION_CLOSED @ https://otheve.beacon.qq.com/analytics/v2_upload?appkey=00300EMEH839B0XF:0
[  105803ms] [ERROR] Failed to load resource: net::ERR_CONNECTION_CLOSED @ https://h.trace.qq.com/kv?attaid=00400014144&token=6478159937&product_id=00300EMEH839B0XF&platform=web&uin=bAfEJT71m9m61BJaZhWKYFm9naZRT2pe&model=&os=web&app_version=&sdk_version=4.5.31-web&error_stack=&_dc=0.9016018443422112&error_msg=Failed%20to%20fetch&error_code=600:0
[  106830ms] [ERROR] Failed to load resource: net::ERR_CONNECTION_CLOSED @ https://galileotelemetry.tencent.com/collect:0
[  115331ms] [ERROR] Failed to load resource: net::ERR_CONNECTION_CLOSED @ https://www.googletagmanager.com/gtm.js?id=GTM-MDCQ2B2:0
[  118670ms] [ERROR] Failed to load resource: net::ERR_CONNECTION_CLOSED @ https://galileotelemetry.tencent.com/collect:0
