[      11ms] [ERROR] Failed to load resource: net::ERR_CONNECTION_CLOSED @ https://galileotelemetry.tencent.com/collect:0
[      12ms] [ERROR] Failed to load resource: net::ERR_CONNECTION_CLOSED @ https://galileotelemetry.tencent.com/collect:0
[     158ms] [ERROR] Failed to load resource: net::ERR_CONNECTION_CLOSED @ https://otheve.beacon.qq.com/analytics/v2_upload?appkey=00300EMEH839B0XF:0
[     170ms] [ERROR] Failed to load resource: net::ERR_CONNECTION_CLOSED @ https://h.trace.qq.com/kv?attaid=00400014144&token=6478159937&product_id=00300EMEH839B0XF&platform=web&uin=bAfEJT71m9m61BJaZhWKYFm9naZRT2pe&model=&os=web&app_version=&sdk_version=4.5.31-web&error_stack=&_dc=0.336523542065682&error_msg=Failed%20to%20fetch&error_code=600:0
[     204ms] [ERROR] Failed to load resource: net::ERR_CONNECTION_CLOSED @ https://galileotelemetry.tencent.com/aegiscontrol/whitelist?uid=cd8bab981fb6f5e73883439df8be49b0&topic=SDK-62c36261a5aaf49b42bf:0
[     218ms] [ERROR] Failed to load resource: net::ERR_CONNECTION_CLOSED @ https://otheve.beacon.qq.com/analytics/v2_upload?appkey=00300EMEH839B0XF:0
[     225ms] [ERROR] Failed to load resource: net::ERR_CONNECTION_CLOSED @ https://h.trace.qq.com/kv?attaid=00400014144&token=6478159937&product_id=00300EMEH839B0XF&platform=web&uin=bAfEJT71m9m61BJaZhWKYFm9naZRT2pe&model=&os=web&app_version=&sdk_version=4.5.31-web&error_stack=&_dc=0.6296522052784433&error_msg=Failed%20to%20fetch&error_code=600:0
[    1246ms] [ERROR] Failed to load resource: net::ERR_CONNECTION_CLOSED @ https://galileotelemetry.tencent.com/collect:0
[    3108ms] [ERROR] Failed to load resource: net::ERR_CONNECTION_CLOSED @ https://www.googletagmanager.com/gtm.js?id=GTM-MDCQ2B2:0
[    7131ms] [ERROR] Failed to load resource: net::ERR_CONNECTION_CLOSED @ https://galileotelemetry.tencent.com/collect:0
[    7720ms] [ERROR] Failed to load resource: net::ERR_CONNECTION_CLOSED @ https://otheve.beacon.qq.com/analytics/v2_upload?appkey=00300EMEH839B0XF:0
[    7723ms] [ERROR] Failed to load resource: net::ERR_CONNECTION_CLOSED @ https://otheve.beacon.qq.com/analytics/v2_upload?appkey=00300EMEH839B0XF:0
[    7728ms] [ERROR] Failed to load resource: net::ERR_CONNECTION_CLOSED @ https://otheve.beacon.qq.com/analytics/v2_upload?appkey=00300EMEH839B0XF:0
[    7768ms] Uncaught (in promise) TypeError: Failed to fetch
    at <anonymous> (https://static.res.qq.com/qbtool/js/pchome.1b724347.js:2:93145)
    at s (https://static.res.qq.com/qbtool/js/pchome.1b724347.js:2:100367)
    at l (https://static.res.qq.com/qbtool/js/pchome.1b724347.js:2:100556)
    at <anonymous> (https://static.res.qq.com/qbtool/js/pchome.1b724347.js:2:143344)
    at <anonymous> (https://static.res.qq.com/qbtool/js/pchome.1b724347.js:2:139913)
    at <anonymous> (https://static.res.qq.com/qbtool/js/pchome.1b724347.js:2:140018)
    at a (https://static.res.qq.com/qbtool/js/pchome.1b724347.js:2:138757)
[    7768ms] Uncaught (in promise) TypeError: Failed to fetch
    at <anonymous> (https://static.res.qq.com/qbtool/js/pchome.1b724347.js:2:93145)
    at s (https://static.res.qq.com/qbtool/js/pchome.1b724347.js:2:100367)
    at l (https://static.res.qq.com/qbtool/js/pchome.1b724347.js:2:100556)
    at <anonymous> (https://static.res.qq.com/qbtool/js/pchome.1b724347.js:2:143344)
    at <anonymous> (https://static.res.qq.com/qbtool/js/pchome.1b724347.js:2:139913)
    at <anonymous> (https://static.res.qq.com/qbtool/js/pchome.1b724347.js:2:140018)
    at a (https://static.res.qq.com/qbtool/js/pchome.1b724347.js:2:138757)
[    7770ms] Uncaught (in promise) TypeError: Failed to fetch
    at <anonymous> (https://static.res.qq.com/qbtool/js/pchome.1b724347.js:2:93145)
    at s (https://static.res.qq.com/qbtool/js/pchome.1b724347.js:2:100367)
    at l (https://static.res.qq.com/qbtool/js/pchome.1b724347.js:2:100556)
    at <anonymous> (https://static.res.qq.com/qbtool/js/pchome.1b724347.js:2:143344)
    at <anonymous> (https://static.res.qq.com/qbtool/js/pchome.1b724347.js:2:139913)
    at <anonymous> (https://static.res.qq.com/qbtool/js/pchome.1b724347.js:2:140018)
    at a (https://static.res.qq.com/qbtool/js/pchome.1b724347.js:2:138757)
[    7764ms] [ERROR] Failed to load resource: net::ERR_CONNECTION_CLOSED @ https://h.trace.qq.com/kv?attaid=00400014144&token=6478159937&product_id=00300EMEH839B0XF&platform=web&uin=bAfEJT71m9m61BJaZhWKYFm9naZRT2pe&model=&os=web&app_version=&sdk_version=4.5.31-web&error_stack=&_dc=0.7063526915995549&error_msg=Failed%20to%20fetch&error_code=600:0
[    7764ms] [ERROR] Failed to load resource: net::ERR_CONNECTION_CLOSED @ https://h.trace.qq.com/kv?attaid=00400014144&token=6478159937&product_id=00300EMEH839B0XF&platform=web&uin=bAfEJT71m9m61BJaZhWKYFm9naZRT2pe&model=&os=web&app_version=&sdk_version=4.5.31-web&error_stack=&_dc=0.661197796645283&error_msg=Failed%20to%20fetch&error_code=600:0
[    7765ms] [ERROR] Failed to load resource: net::ERR_CONNECTION_CLOSED @ https://h.trace.qq.com/kv?attaid=00400014144&token=6478159937&product_id=00300EMEH839B0XF&platform=web&uin=bAfEJT71m9m61BJaZhWKYFm9naZRT2pe&model=&os=web&app_version=&sdk_version=4.5.31-web&error_stack=&_dc=0.16264389307976768&error_msg=Failed%20to%20fetch&error_code=600:0
[    7775ms] Uncaught (in promise) TypeError: Failed to fetch
    at <anonymous> (https://static.res.qq.com/qbtool/js/pchome.1b724347.js:2:93145)
    at s (https://static.res.qq.com/qbtool/js/pchome.1b724347.js:2:100367)
    at l (https://static.res.qq.com/qbtool/js/pchome.1b724347.js:2:100556)
    at <anonymous> (https://static.res.qq.com/qbtool/js/pchome.1b724347.js:2:143344)
    at <anonymous> (https://static.res.qq.com/qbtool/js/pchome.1b724347.js:2:139913)
    at <anonymous> (https://static.res.qq.com/qbtool/js/pchome.1b724347.js:2:140018)
    at a (https://static.res.qq.com/qbtool/js/pchome.1b724347.js:2:138757)
[    7775ms] Uncaught (in promise) TypeError: Failed to fetch
    at <anonymous> (https://static.res.qq.com/qbtool/js/pchome.1b724347.js:2:93145)
    at s (https://static.res.qq.com/qbtool/js/pchome.1b724347.js:2:100367)
    at l (https://static.res.qq.com/qbtool/js/pchome.1b724347.js:2:100556)
    at <anonymous> (https://static.res.qq.com/qbtool/js/pchome.1b724347.js:2:143344)
    at <anonymous> (https://static.res.qq.com/qbtool/js/pchome.1b724347.js:2:139913)
    at <anonymous> (https://static.res.qq.com/qbtool/js/pchome.1b724347.js:2:140018)
    at a (https://static.res.qq.com/qbtool/js/pchome.1b724347.js:2:138757)
[    7775ms] Uncaught (in promise) TypeError: Failed to fetch
    at <anonymous> (https://static.res.qq.com/qbtool/js/pchome.1b724347.js:2:93145)
    at s (https://static.res.qq.com/qbtool/js/pchome.1b724347.js:2:100367)
    at l (https://static.res.qq.com/qbtool/js/pchome.1b724347.js:2:100556)
    at <anonymous> (https://static.res.qq.com/qbtool/js/pchome.1b724347.js:2:143344)
    at <anonymous> (https://static.res.qq.com/qbtool/js/pchome.1b724347.js:2:139913)
    at <anonymous> (https://static.res.qq.com/qbtool/js/pchome.1b724347.js:2:140018)
    at a (https://static.res.qq.com/qbtool/js/pchome.1b724347.js:2:138757)
[    8940ms] [ERROR] Failed to load resource: net::ERR_CONNECTION_CLOSED @ https://galileotelemetry.tencent.com/collect:0
